
**** Build of configuration Debug for project swl_kinematics ****

make all 
Building file: ../ArcPathPlanner.cpp
Invoking: Cygwin C++ Compiler
g++ -I../../../inc -IE:/work_center/sw_dev/cpp/ext/inc -IE:/work_center/sw_dev/cpp/rnd/inc -O0 -g3 -Wall -c -fmessage-length=0 -MMD -MP -MF"ArcPathPlanner.d" -MT"ArcPathPlanner.d" -o"ArcPathPlanner.o" "../ArcPathPlanner.cpp"
In file included from ../../../inc/swl/kinematics/CartesianPathPlanner.h:6,
                 from ../../../inc/swl/kinematics/ArcPathPlanner.h:5,
                 from ../ArcPathPlanner.cpp:2:
../../../inc/swl/math/Vector.h: In function ?˜std::istream& swl::operator>>(std::istream&, swl::Vector2<T>&)??
../../../inc/swl/math/Vector.h:195: error: no match for ?˜operator>>??in ?˜stream >> ch??../../../inc/swl/math/Vector.h: In function ?˜std::ostream& swl::operator<<(std::ostream&, const swl::Vector2<T>&)??
../../../inc/swl/math/Vector.h:203: error: no match for ?˜operator<<??in ?˜stream << "< "??../../../inc/swl/math/Vector.h: In function ?˜std::istream& swl::operator>>(std::istream&, swl::HVector2<T>&)??
../../../inc/swl/math/Vector.h:262: error: no match for ?˜operator>>??in ?˜stream >> ch??../../../inc/swl/math/Vector.h: In function ?˜std::ostream& swl::operator<<(std::ostream&, const swl::HVector2<T>&)??
../../../inc/swl/math/Vector.h:270: error: no match for ?˜operator<<??in ?˜stream << "< "??../../../inc/swl/math/Vector.h: In function ?˜std::istream& swl::operator>>(std::istream&, swl::Vector3<T>&)??
../../../inc/swl/math/Vector.h:468: error: no match for ?˜operator>>??in ?˜stream >> ch??../../../inc/swl/math/Vector.h: In function ?˜std::ostream& swl::operator<<(std::ostream&, const swl::Vector3<T>&)??
../../../inc/swl/math/Vector.h:476: error: no match for ?˜operator<<??in ?˜stream << "< "??../../../inc/swl/math/Vector.h: In function ?˜std::istream& swl::operator>>(std::istream&, swl::HVector3<T>&)??
../../../inc/swl/math/Vector.h:537: error: no match for ?˜operator>>??in ?˜stream >> ch??../../../inc/swl/math/Vector.h: In function ?˜std::ostream& swl::operator<<(std::ostream&, const swl::HVector3<T>&)??
../../../inc/swl/math/Vector.h:545: error: no match for ?˜operator<<??in ?˜stream << "< "??In file included from ../../../inc/swl/math/Quaternion.h:5,
                 from ../../../inc/swl/kinematics/CartesianPathPlanner.h:7,
                 from ../../../inc/swl/kinematics/ArcPathPlanner.h:5,
                 from ../ArcPathPlanner.cpp:2:
../../../inc/swl/math/RMatrix.h: In function ?˜std::istream& swl::operator>>(std::istream&, swl::RMatrix2<T>&)??
../../../inc/swl/math/RMatrix.h:180: error: no match for ?˜operator>>??in ?˜stream >> ch??../../../inc/swl/math/RMatrix.h: In function ?˜std::ostream& swl::operator<<(std::ostream&, const swl::RMatrix2<T>&)??
../../../inc/swl/math/RMatrix.h:194: error: no match for ?˜operator<<??in ?˜stream << "[> "??../../../inc/swl/math/RMatrix.h:195: error: no match for ?˜operator<<??in ?˜stream << '\012'??../../../inc/swl/math/RMatrix.h:196: error: no match for ?˜operator<<??in ?˜stream << "[  "??../../../inc/swl/math/RMatrix.h:200: error: no match for ?˜operator<<??in ?˜stream << "[> "??../../../inc/swl/math/RMatrix.h:201: error: no match for ?˜operator<<??in ?˜stream << "  "??../../../inc/swl/math/RMatrix.h:202: error: no match for ?˜operator<<??in ?˜stream << "[  "??../../../inc/swl/math/RMatrix.h: In function ?˜std::istream& swl::operator>>(std::istream&, swl::RMatrix3<T>&)??
../../../inc/swl/math/RMatrix.h:518: error: no match for ?˜operator>>??in ?˜stream >> ch??../../../inc/swl/math/RMatrix.h: In function ?˜std::ostream& swl::operator<<(std::ostream&, const swl::RMatrix3<T>&)??
../../../inc/swl/math/RMatrix.h:534: error: no match for ?˜operator<<??in ?˜stream << "[> "??../../../inc/swl/math/RMatrix.h:535: error: no match for ?˜operator<<??in ?˜stream << '\012'??../../../inc/swl/math/RMatrix.h:536: error: no match for ?˜operator<<??in ?˜stream << "[  "??../../../inc/swl/math/RMatrix.h:537: error: no match for ?˜operator<<??in ?˜stream << '\012'??../../../inc/swl/math/RMatrix.h:538: error: no match for ?˜operator<<??in ?˜stream << "[  "??../../../inc/swl/math/RMatrix.h:542: error: no match for ?˜operator<<??in ?˜stream << "[> "??../../../inc/swl/math/RMatrix.h:543: error: no match for ?˜operator<<??in ?˜stream << "  "??../../../inc/swl/math/RMatrix.h:544: error: no match for ?˜operator<<??in ?˜stream << "[  "??../../../inc/swl/math/RMatrix.h:545: error: no match for ?˜operator<<??in ?˜stream << "  "??../../../inc/swl/math/RMatrix.h:546: error: no match for ?˜operator<<??in ?˜stream << "[  "??In file included from ../../../inc/swl/kinematics/CartesianPathPlanner.h:7,
                 from ../../../inc/swl/kinematics/ArcPathPlanner.h:5,
                 from ../ArcPathPlanner.cpp:2:
../../../inc/swl/math/Quaternion.h: In function ?˜std::istream& swl::operator>>(std::istream&, swl::Quaternion<T>&)??
../../../inc/swl/math/Quaternion.h:437: error: no match for ?˜operator>>??in ?˜stream >> ch??../../../inc/swl/math/Quaternion.h: In function ?˜std::ostream& swl::operator<<(std::ostream&, const swl::Quaternion<T>&)??
../../../inc/swl/math/Quaternion.h:450: error: no match for ?˜operator<<??in ?˜stream << "< "??make: *** [ArcPathPlanner.o] Error 1
